<?xml version="1.0" encoding="UTF-8"?>
<!-- Generated by org.testng.reporters.JUnitXMLReporter -->
<testsuite hostname="DESKTOP-4J1LCJ7" ignored="0" name="Create Account Test" tests="1" failures="1" timestamp="13 May 2019 20:50:34 GMT" time="5.374" errors="0">
  <testcase name="createAccountTest" time="4.943" classname="com.frankbahar.testcases.CreateAccountTest">
    <failure type="java.lang.AssertionError" message="Create Account Test Failed">
      <![CDATA[java.lang.AssertionError: Create Account Test Failed
	at com.frankbahar.testcases.CreateAccountTest.createAccountTest(CreateAccountTest.java:23)
... Removed 29 stack frames]]>
    </failure>
  </testcase> <!-- createAccountTest -->
</testsuite> <!-- Create Account Test -->
