<!DOCTYPE html PUBLIC "-//W3C//DTD XHTML 1.1//EN" "http://www.w3.org/TR/xhtml11/DTD/xhtml11.dtd">
<html xmlns="http://www.w3.org/1999/xhtml"><head><title>TestNG Report</title><style type="text/css">table {margin-bottom:10px;border-collapse:collapse;empty-cells:show}th,td {border:1px solid #009;padding:.25em .5em}th {vertical-align:bottom}td {vertical-align:top}table a {font-weight:bold}.stripe td {background-color: #E6EBF9}.num {text-align:right}.passedodd td {background-color: #3F3}.passedeven td {background-color: #0A0}.skippedodd td {background-color: #DDD}.skippedeven td {background-color: #CCC}.failedodd td,.attn {background-color: #F33}.failedeven td,.stripe .attn {background-color: #D00}.stacktrace {white-space:pre;font-family:monospace}.totop {font-size:85%;text-align:center;border-bottom:2px solid #000}</style></head><body><table><tr><th>Test</th><th># Passed</th><th># Skipped</th><th># Failed</th><th>Time (ms)</th><th>Included Groups</th><th>Excluded Groups</th></tr><tr><th colspan="7">Page Object Model</th></tr><tr><td><a href="#t0">Login Test</a></td><td class="num">0</td><td class="num">0</td><td class="num attn">1</td><td class="num">3,586</td><td></td><td></td></tr><tr class="stripe"><td><a href="#t1">Create Account Test</a></td><td class="num">0</td><td class="num">0</td><td class="num attn">1</td><td class="num">5,374</td><td></td><td></td></tr><tr><th>Total</th><th class="num">0</th><th class="num">0</th><th class="num attn">2</th><th class="num">8,960</th><th colspan="2"></th></tr></table><table id='summary'><thead><tr><th>Class</th><th>Method</th><th>Start</th><th>Time (ms)</th></tr></thead><tbody><tr><th colspan="4">Page Object Model</th></tr></tbody><tbody id="t0"><tr><th colspan="4">Login Test &#8212; failed</th></tr><tr class="failedeven"><td rowspan="1">com.frankbahar.testcases.LoginTest</td><td><a href="#m0">loginTest</a></td><td rowspan="1">1557780614049</td><td rowspan="1">1103</td></tr></tbody><tbody id="t1"><tr><th colspan="4">Create Account Test &#8212; failed</th></tr><tr class="failedeven"><td rowspan="1">com.frankbahar.testcases.CreateAccountTest</td><td><a href="#m1">createAccountTest</a></td><td rowspan="1">1557780628961</td><td rowspan="1">4943</td></tr></tbody></table><h2>Login Test</h2><h3 id="m0">com.frankbahar.testcases.LoginTest#loginTest</h3><table class="result"><tr class="param"><th>Parameter #1</th></tr><tr class="param stripe"><td>{password=Selenium@123, runmode=Y, username=fikretbahar@yahoo.com}</td></tr><tr><th>Messages</th></tr><tr><td><div class="messages">Click to see screenshot<br/><a target="blank" href=Mon_May_13_16_50_17_EDT_2019.jpg>Screenshot</a><br/><br><br/><br><br/><a target="blank" href=Mon_May_13_16_50_17_EDT_2019.jpg><img src=Mon_May_13_16_50_17_EDT_2019.jpg height=200 width=200</img></a></div></td></tr><tr><th>Exception</th></tr><tr><td><div class="stacktrace">java.lang.AssertionError: Login test failed
	at com.frankbahar.testcases.LoginTest.loginTest(LoginTest.java:21)
... Removed 29 stack frames</div></td></tr></table><p class="totop"><a href="#summary">back to summary</a></p><h2>Create Account Test</h2><h3 id="m1">com.frankbahar.testcases.CreateAccountTest#createAccountTest</h3><table class="result"><tr class="param"><th>Parameter #1</th></tr><tr class="param stripe"><td>{accountname=Frank}</td></tr><tr><th>Messages</th></tr><tr><td><div class="messages">Click to see screenshot<br/><a target="blank" href=Mon_May_13_16_50_34_EDT_2019.jpg>Screenshot</a><br/><br><br/><br><br/><a target="blank" href=Mon_May_13_16_50_34_EDT_2019.jpg><img src=Mon_May_13_16_50_34_EDT_2019.jpg height=200 width=200</img></a></div></td></tr><tr><th>Exception</th></tr><tr><td><div class="stacktrace">java.lang.AssertionError: Create Account Test Failed
	at com.frankbahar.testcases.CreateAccountTest.createAccountTest(CreateAccountTest.java:23)
... Removed 29 stack frames</div></td></tr></table><p class="totop"><a href="#summary">back to summary</a></p></body></html>